::1 - - [26/Nov/2020:19:16:24 +0800] "GET / HTTP/1.1" 200 696
::1 - - [26/Nov/2020:19:16:25 +0800] "GET /icons/blank.gif HTTP/1.1" 200 148
::1 - - [26/Nov/2020:19:16:25 +0800] "GET /icons/text.gif HTTP/1.1" 200 229
::1 - - [26/Nov/2020:19:16:25 +0800] "GET /favicon.ico HTTP/1.1" 404 196
::1 - - [26/Nov/2020:19:16:29 +0800] "GET /changtype.html HTTP/1.1" 200 2529
::1 - - [26/Nov/2020:19:17:18 +0800] "GET /changtype.html HTTP/1.1" 304 -
::1 - - [26/Nov/2020:19:17:40 +0800] "GET /changtype.html HTTP/1.1" 304 -
::1 - - [01/Dec/2020:16:54:40 +0800] "GET / HTTP/1.1" 200 908
::1 - - [01/Dec/2020:16:54:40 +0800] "GET /favicon.ico HTTP/1.1" 404 196
::1 - - [01/Dec/2020:16:54:42 +0800] "GET /index2.html HTTP/1.1" 200 2100
::1 - - [01/Dec/2020:16:54:42 +0800] "GET /img/poi_type_icons.png HTTP/1.1" 404 196
::1 - - [01/Dec/2020:16:54:42 +0800] "GET /img/tencent_color_logo.png HTTP/1.1" 404 196
::1 - - [01/Dec/2020:16:55:15 +0800] "GET / HTTP/1.1" 200 908
::1 - - [01/Dec/2020:16:55:15 +0800] "GET /icons/blank.gif HTTP/1.1" 200 148
::1 - - [01/Dec/2020:16:55:15 +0800] "GET /icons/text.gif HTTP/1.1" 200 229
::1 - - [01/Dec/2020:16:55:15 +0800] "GET /favicon.ico HTTP/1.1" 404 196
::1 - - [01/Dec/2020:16:55:17 +0800] "GET /index2.html HTTP/1.1" 200 2100
::1 - - [01/Dec/2020:16:55:17 +0800] "GET /img/poi_type_icons.png HTTP/1.1" 404 196
::1 - - [01/Dec/2020:16:55:17 +0800] "GET /img/tencent_color_logo.png HTTP/1.1" 404 196
::1 - - [01/Dec/2020:16:57:12 +0800] "GET /index2.html HTTP/1.1" 304 -
::1 - - [01/Dec/2020:16:57:12 +0800] "GET /img/tencent_color_logo.png HTTP/1.1" 200 7101
::1 - - [01/Dec/2020:16:57:12 +0800] "GET /img/poi_type_icons.png HTTP/1.1" 200 5679
::1 - - [01/Dec/2020:16:57:26 +0800] "GET / HTTP/1.1" 200 1115
::1 - - [01/Dec/2020:16:57:26 +0800] "GET /icons/folder.gif HTTP/1.1" 200 225
::1 - - [01/Dec/2020:16:57:26 +0800] "GET /favicon.ico HTTP/1.1" 404 196
::1 - - [01/Dec/2020:16:57:28 +0800] "GET /img/poi_type_icons.png HTTP/1.1" 200 5679
::1 - - [01/Dec/2020:16:57:28 +0800] "GET /img/tencent_color_logo.png HTTP/1.1" 200 7101
::1 - - [01/Dec/2020:16:59:11 +0800] "GET /index2.html HTTP/1.1" 200 2099
::1 - - [01/Dec/2020:17:01:43 +0800] "GET /index2.html HTTP/1.1" 200 2447
::1 - - [01/Dec/2020:17:02:50 +0800] "GET /index2.html HTTP/1.1" 200 2746
::1 - - [01/Dec/2020:17:02:50 +0800] "GET /img/poi_type_icons.png HTTP/1.1" 200 5679
::1 - - [01/Dec/2020:17:02:50 +0800] "GET /img/tencent_color_logo.png HTTP/1.1" 200 7101
::1 - - [01/Dec/2020:17:02:51 +0800] "GET /favicon.ico HTTP/1.1" 404 196
::1 - - [01/Dec/2020:17:07:21 +0800] "GET /index2.html HTTP/1.1" 200 2918
::1 - - [01/Dec/2020:17:08:08 +0800] "GET /index2.html HTTP/1.1" 200 2933
::1 - - [01/Dec/2020:17:08:47 +0800] "GET /index2.html HTTP/1.1" 200 2969
::1 - - [01/Dec/2020:17:08:47 +0800] "GET /img/poi_type_icons.png HTTP/1.1" 200 5679
::1 - - [01/Dec/2020:17:08:47 +0800] "GET /img/tencent_color_logo.png HTTP/1.1" 200 7101
::1 - - [01/Dec/2020:17:08:47 +0800] "GET /favicon.ico HTTP/1.1" 404 196
::1 - - [01/Dec/2020:17:09:50 +0800] "GET /favicon.ico HTTP/1.1" 404 196
::1 - - [01/Dec/2020:17:10:57 +0800] "GET /index2.html HTTP/1.1" 200 2987
::1 - - [01/Dec/2020:17:11:19 +0800] "GET /index2.html HTTP/1.1" 200 2987
::1 - - [01/Dec/2020:17:11:53 +0800] "GET /index2.html HTTP/1.1" 200 2987
::1 - - [01/Dec/2020:17:11:53 +0800] "GET /img/poi_type_icons.png HTTP/1.1" 200 5679
::1 - - [01/Dec/2020:17:11:53 +0800] "GET /img/tencent_color_logo.png HTTP/1.1" 200 7101
::1 - - [01/Dec/2020:17:11:53 +0800] "GET /favicon.ico HTTP/1.1" 404 196
::1 - - [01/Dec/2020:17:13:18 +0800] "GET /index2.html HTTP/1.1" 200 3039
::1 - - [01/Dec/2020:17:13:51 +0800] "GET /index2.html HTTP/1.1" 200 3065
::1 - - [01/Dec/2020:17:14:32 +0800] "GET /index2.html HTTP/1.1" 200 3064
::1 - - [01/Dec/2020:17:14:33 +0800] "GET /img/poi_type_icons.png HTTP/1.1" 200 5679
::1 - - [01/Dec/2020:17:14:33 +0800] "GET /img/tencent_color_logo.png HTTP/1.1" 200 7101
::1 - - [01/Dec/2020:17:14:33 +0800] "GET /favicon.ico HTTP/1.1" 404 196
::1 - - [01/Dec/2020:17:15:15 +0800] "GET /index2.html HTTP/1.1" 200 3080
::1 - - [01/Dec/2020:17:15:40 +0800] "GET /index2.html HTTP/1.1" 200 3084
::1 - - [01/Dec/2020:17:16:14 +0800] "GET /index2.html HTTP/1.1" 200 3099
::1 - - [01/Dec/2020:17:16:14 +0800] "GET /img/poi_type_icons.png HTTP/1.1" 200 5679
::1 - - [01/Dec/2020:17:16:14 +0800] "GET /img/tencent_color_logo.png HTTP/1.1" 200 7101
::1 - - [01/Dec/2020:17:16:14 +0800] "GET /favicon.ico HTTP/1.1" 404 196
::1 - - [01/Dec/2020:17:16:41 +0800] "GET /index2.html HTTP/1.1" 200 3084
::1 - - [01/Dec/2020:17:20:25 +0800] "GET /index2.html HTTP/1.1" 200 3084
::1 - - [01/Dec/2020:17:21:39 +0800] "GET /index2.html HTTP/1.1" 200 3087
::1 - - [01/Dec/2020:17:21:39 +0800] "GET /img/poi_type_icons.png HTTP/1.1" 200 5679
::1 - - [01/Dec/2020:17:21:39 +0800] "GET /img/tencent_color_logo.png HTTP/1.1" 200 7101
::1 - - [01/Dec/2020:17:21:39 +0800] "GET /favicon.ico HTTP/1.1" 404 196
::1 - - [01/Dec/2020:17:22:03 +0800] "GET /index2.html HTTP/1.1" 200 3087
::1 - - [01/Dec/2020:17:24:50 +0800] "GET /index2.html HTTP/1.1" 200 3112
::1 - - [01/Dec/2020:17:25:37 +0800] "GET /index2.html HTTP/1.1" 200 3134
::1 - - [01/Dec/2020:17:25:37 +0800] "GET /img/poi_type_icons.png HTTP/1.1" 200 5679
::1 - - [01/Dec/2020:17:25:37 +0800] "GET /img/tencent_color_logo.png HTTP/1.1" 200 7101
::1 - - [01/Dec/2020:17:25:37 +0800] "GET /favicon.ico HTTP/1.1" 404 196
::1 - - [01/Dec/2020:17:26:36 +0800] "GET /index2.html HTTP/1.1" 200 3134
::1 - - [01/Dec/2020:17:27:27 +0800] "GET /index2.html HTTP/1.1" 200 3155
::1 - - [01/Dec/2020:17:28:03 +0800] "GET /index2.html HTTP/1.1" 200 3156
::1 - - [01/Dec/2020:17:28:03 +0800] "GET /img/poi_type_icons.png HTTP/1.1" 200 5679
::1 - - [01/Dec/2020:17:28:03 +0800] "GET /img/tencent_color_logo.png HTTP/1.1" 200 7101
::1 - - [01/Dec/2020:17:28:03 +0800] "GET /favicon.ico HTTP/1.1" 404 196
::1 - - [01/Dec/2020:17:28:40 +0800] "GET /index2.html HTTP/1.1" 200 3156
::1 - - [01/Dec/2020:17:29:00 +0800] "GET /index2.html HTTP/1.1" 200 3156
::1 - - [01/Dec/2020:17:29:14 +0800] "GET /index2.html HTTP/1.1" 200 3156
::1 - - [01/Dec/2020:17:29:14 +0800] "GET /img/poi_type_icons.png HTTP/1.1" 200 5679
::1 - - [01/Dec/2020:17:29:14 +0800] "GET /img/tencent_color_logo.png HTTP/1.1" 200 7101
::1 - - [01/Dec/2020:17:29:14 +0800] "GET /favicon.ico HTTP/1.1" 404 196
::1 - - [01/Dec/2020:17:30:19 +0800] "GET /index2.html HTTP/1.1" 200 3168
::1 - - [01/Dec/2020:17:30:53 +0800] "GET /index2.html HTTP/1.1" 200 3172
::1 - - [01/Dec/2020:19:36:09 +0800] "GET /index2.html HTTP/1.1" 304 -
::1 - - [01/Dec/2020:19:43:14 +0800] "GET /index2.html HTTP/1.1" 200 3765
::1 - - [01/Dec/2020:19:44:21 +0800] "GET /index2.html HTTP/1.1" 200 3786
::1 - - [01/Dec/2020:19:59:41 +0800] "GET /index2.html HTTP/1.1" 200 4925
::1 - - [01/Dec/2020:19:59:41 +0800] "GET /js/jquery-1.12.4.min.js HTTP/1.1" 404 196
::1 - - [01/Dec/2020:19:59:41 +0800] "GET /img/mobile_link.jpg HTTP/1.1" 200 12837
::1 - - [01/Dec/2020:19:59:41 +0800] "GET /img/huitu.jpg HTTP/1.1" 200 57631
::1 - - [01/Dec/2020:19:59:41 +0800] "GET /img/poi_type_icons.png HTTP/1.1" 200 5679
::1 - - [01/Dec/2020:19:59:41 +0800] "GET /img/tencent_color_logo.png HTTP/1.1" 200 7101
::1 - - [01/Dec/2020:19:59:42 +0800] "GET /favicon.ico HTTP/1.1" 404 196
::1 - - [01/Dec/2020:20:01:59 +0800] "GET /index2.html HTTP/1.1" 304 -
::1 - - [01/Dec/2020:20:01:59 +0800] "GET /js/jquery-1.12.4.min.js HTTP/1.1" 200 97163
::1 - - [01/Dec/2020:20:02:00 +0800] "GET /index2.html HTTP/1.1" 304 -
::1 - - [01/Dec/2020:20:02:00 +0800] "GET /index2.html HTTP/1.1" 200 4925
::1 - - [01/Dec/2020:20:02:00 +0800] "GET /js/jquery-1.12.4.min.js HTTP/1.1" 200 97163
::1 - - [01/Dec/2020:20:02:00 +0800] "GET /img/mobile_link.jpg HTTP/1.1" 200 12837
::1 - - [01/Dec/2020:20:02:00 +0800] "GET /img/huitu.jpg HTTP/1.1" 200 57631
::1 - - [01/Dec/2020:20:02:00 +0800] "GET /img/poi_type_icons.png HTTP/1.1" 200 5679
::1 - - [01/Dec/2020:20:02:00 +0800] "GET /img/tencent_color_logo.png HTTP/1.1" 200 7101
::1 - - [01/Dec/2020:20:02:00 +0800] "GET /favicon.ico HTTP/1.1" 404 196
::1 - - [01/Dec/2020:20:02:45 +0800] "GET /index2.html HTTP/1.1" 304 -
::1 - - [01/Dec/2020:20:06:35 +0800] "GET /index2.html HTTP/1.1" 200 4947
::1 - - [01/Dec/2020:20:06:51 +0800] "GET /index2.html HTTP/1.1" 200 4946
::1 - - [01/Dec/2020:20:06:51 +0800] "GET /js/jquery-1.12.4.min.js HTTP/1.1" 200 97163
::1 - - [01/Dec/2020:20:06:51 +0800] "GET /img/mobile_link.jpg HTTP/1.1" 200 12837
::1 - - [01/Dec/2020:20:06:51 +0800] "GET /img/huitu.jpg HTTP/1.1" 200 57631
::1 - - [01/Dec/2020:20:06:51 +0800] "GET /img/poi_type_icons.png HTTP/1.1" 200 5679
::1 - - [01/Dec/2020:20:06:51 +0800] "GET /img/tencent_color_logo.png HTTP/1.1" 200 7101
::1 - - [01/Dec/2020:20:06:51 +0800] "GET /favicon.ico HTTP/1.1" 404 196
::1 - - [01/Dec/2020:20:07:07 +0800] "GET /index2.html HTTP/1.1" 200 4946
::1 - - [01/Dec/2020:20:08:33 +0800] "GET /index2.html HTTP/1.1" 200 4950
::1 - - [01/Dec/2020:20:08:34 +0800] "GET /index2.html HTTP/1.1" 200 4950
::1 - - [01/Dec/2020:20:08:34 +0800] "GET /js/jquery-1.12.4.min.js HTTP/1.1" 200 97163
::1 - - [01/Dec/2020:20:08:34 +0800] "GET /img/mobile_link.jpg HTTP/1.1" 200 12837
::1 - - [01/Dec/2020:20:08:34 +0800] "GET /img/huitu.jpg HTTP/1.1" 200 57631
::1 - - [01/Dec/2020:20:08:34 +0800] "GET /img/poi_type_icons.png HTTP/1.1" 200 5679
::1 - - [01/Dec/2020:20:08:34 +0800] "GET /img/tencent_color_logo.png HTTP/1.1" 200 7101
::1 - - [01/Dec/2020:20:08:34 +0800] "GET /favicon.ico HTTP/1.1" 404 196
::1 - - [01/Dec/2020:20:08:38 +0800] "GET /index2.html HTTP/1.1" 304 -
::1 - - [01/Dec/2020:20:08:39 +0800] "GET /index2.html HTTP/1.1" 304 -
::1 - - [01/Dec/2020:20:08:40 +0800] "GET /index2.html HTTP/1.1" 304 -
::1 - - [01/Dec/2020:20:08:43 +0800] "GET /index2.html HTTP/1.1" 304 -
::1 - - [01/Dec/2020:20:08:53 +0800] "GET /index2.html HTTP/1.1" 304 -
::1 - - [01/Dec/2020:20:11:52 +0800] "GET /index2.html HTTP/1.1" 200 5057
::1 - - [01/Dec/2020:20:11:56 +0800] "GET /index2.html HTTP/1.1" 304 -
::1 - - [01/Dec/2020:20:15:28 +0800] "GET /index2.html HTTP/1.1" 200 4525
::1 - - [01/Dec/2020:20:15:28 +0800] "GET /img/bzdt.gif HTTP/1.1" 200 12857
::1 - - [01/Dec/2020:20:15:37 +0800] "GET /index2.html HTTP/1.1" 304 -
::1 - - [01/Dec/2020:20:15:38 +0800] "GET /index2.html HTTP/1.1" 200 4525
::1 - - [01/Dec/2020:20:15:38 +0800] "GET /img/bzdt.gif HTTP/1.1" 200 12857
::1 - - [01/Dec/2020:20:15:38 +0800] "GET /img/mobile_link.jpg HTTP/1.1" 200 12837
::1 - - [01/Dec/2020:20:15:38 +0800] "GET /img/huitu.jpg HTTP/1.1" 200 57631
::1 - - [01/Dec/2020:20:15:38 +0800] "GET /img/poi_type_icons.png HTTP/1.1" 200 5679
::1 - - [01/Dec/2020:20:15:38 +0800] "GET /img/tencent_color_logo.png HTTP/1.1" 200 7101
::1 - - [01/Dec/2020:20:15:38 +0800] "GET /favicon.ico HTTP/1.1" 404 196
::1 - - [01/Dec/2020:20:16:17 +0800] "GET /index2.html HTTP/1.1" 200 4525
::1 - - [01/Dec/2020:20:16:19 +0800] "GET /index2.html HTTP/1.1" 304 -
::1 - - [01/Dec/2020:20:16:20 +0800] "GET /index2.html HTTP/1.1" 200 4525
::1 - - [01/Dec/2020:20:16:20 +0800] "GET /img/bzdt.gif HTTP/1.1" 200 12857
::1 - - [01/Dec/2020:20:16:20 +0800] "GET /img/mobile_link.jpg HTTP/1.1" 200 12837
::1 - - [01/Dec/2020:20:16:20 +0800] "GET /img/poi_type_icons.png HTTP/1.1" 200 5679
::1 - - [01/Dec/2020:20:16:20 +0800] "GET /img/huitu.jpg HTTP/1.1" 200 57631
::1 - - [01/Dec/2020:20:16:20 +0800] "GET /img/tencent_color_logo.png HTTP/1.1" 200 7101
::1 - - [01/Dec/2020:20:16:24 +0800] "GET /index2.html HTTP/1.1" 304 -
::1 - - [01/Dec/2020:20:17:30 +0800] "GET /index2.html HTTP/1.1" 200 4348
::1 - - [01/Dec/2020:20:17:45 +0800] "GET /index2.html HTTP/1.1" 304 -
::1 - - [01/Dec/2020:20:17:46 +0800] "GET /index2.html HTTP/1.1" 304 -
::1 - - [01/Dec/2020:20:17:50 +0800] "GET /index2.html HTTP/1.1" 304 -
::1 - - [01/Dec/2020:20:18:03 +0800] "GET / HTTP/1.1" 200 1537
::1 - - [01/Dec/2020:20:18:03 +0800] "GET /favicon.ico HTTP/1.1" 404 196
::1 - - [01/Dec/2020:20:18:06 +0800] "GET /index2.html HTTP/1.1" 304 -
::1 - - [01/Dec/2020:20:19:02 +0800] "GET /favicon.ico HTTP/1.1" 404 196
::1 - - [01/Dec/2020:20:19:02 +0800] "GET / HTTP/1.1" 200 1537
::1 - - [01/Dec/2020:20:19:02 +0800] "GET /icons/blank.gif HTTP/1.1" 200 148
::1 - - [01/Dec/2020:20:19:02 +0800] "GET /icons/text.gif HTTP/1.1" 200 229
::1 - - [01/Dec/2020:20:19:02 +0800] "GET /icons/folder.gif HTTP/1.1" 200 225
::1 - - [01/Dec/2020:20:19:05 +0800] "GET /index2.html HTTP/1.1" 200 4348
::1 - - [01/Dec/2020:20:19:05 +0800] "GET /img/mobile_link.jpg HTTP/1.1" 200 12837
::1 - - [01/Dec/2020:20:19:05 +0800] "GET /img/huitu.jpg HTTP/1.1" 200 57631
::1 - - [01/Dec/2020:20:19:05 +0800] "GET /img/poi_type_icons.png HTTP/1.1" 200 5679
::1 - - [01/Dec/2020:20:19:05 +0800] "GET /img/tencent_color_logo.png HTTP/1.1" 200 7101
::1 - - [01/Dec/2020:20:20:03 +0800] "GET /index2.html HTTP/1.1" 200 4368
::1 - - [01/Dec/2020:20:24:34 +0800] "GET /index2.html HTTP/1.1" 200 4463
::1 - - [01/Dec/2020:20:25:23 +0800] "GET /index2.html HTTP/1.1" 200 4464
::1 - - [01/Dec/2020:20:25:24 +0800] "GET /img/mobile_link.jpg HTTP/1.1" 200 12837
::1 - - [01/Dec/2020:20:25:24 +0800] "GET /img/huitu.jpg HTTP/1.1" 200 57631
::1 - - [01/Dec/2020:20:25:24 +0800] "GET /img/poi_type_icons.png HTTP/1.1" 200 5679
::1 - - [01/Dec/2020:20:25:24 +0800] "GET /img/tencent_color_logo.png HTTP/1.1" 200 7101
::1 - - [01/Dec/2020:20:25:25 +0800] "GET /favicon.ico HTTP/1.1" 404 196
::1 - - [01/Dec/2020:20:25:49 +0800] "GET /index2.html HTTP/1.1" 200 4464
::1 - - [01/Dec/2020:20:26:39 +0800] "GET /index2.html HTTP/1.1" 304 -
::1 - - [01/Dec/2020:20:32:32 +0800] "GET /index2.html HTTP/1.1" 200 4463
::1 - - [01/Dec/2020:20:32:33 +0800] "GET /img/mobile_link.jpg HTTP/1.1" 200 12837
::1 - - [01/Dec/2020:20:32:33 +0800] "GET /img/huitu.jpg HTTP/1.1" 200 57631
::1 - - [01/Dec/2020:20:32:33 +0800] "GET /img/poi_type_icons.png HTTP/1.1" 200 5679
::1 - - [01/Dec/2020:20:32:33 +0800] "GET /img/tencent_color_logo.png HTTP/1.1" 200 7101
::1 - - [01/Dec/2020:20:32:34 +0800] "GET /favicon.ico HTTP/1.1" 404 196
::1 - - [01/Dec/2020:20:32:44 +0800] "GET /index2.html HTTP/1.1" 304 -
::1 - - [01/Dec/2020:20:35:00 +0800] "GET /index2.html HTTP/1.1" 200 4520
::1 - - [01/Dec/2020:20:35:03 +0800] "GET /index2.html HTTP/1.1" 200 4520
::1 - - [01/Dec/2020:20:35:03 +0800] "GET /img/mobile_link.jpg HTTP/1.1" 200 12837
::1 - - [01/Dec/2020:20:35:03 +0800] "GET /img/poi_type_icons.png HTTP/1.1" 200 5679
::1 - - [01/Dec/2020:20:35:03 +0800] "GET /img/tencent_color_logo.png HTTP/1.1" 200 7101
::1 - - [01/Dec/2020:20:35:03 +0800] "GET /img/huitu.jpg HTTP/1.1" 200 57631
::1 - - [01/Dec/2020:20:36:37 +0800] "GET /index2.html HTTP/1.1" 200 4560
::1 - - [01/Dec/2020:20:36:40 +0800] "GET /index2.html HTTP/1.1" 304 -
::1 - - [01/Dec/2020:20:38:05 +0800] "GET /index2.html HTTP/1.1" 200 4562
::1 - - [01/Dec/2020:20:38:06 +0800] "GET /img/mobile_link.jpg HTTP/1.1" 200 12837
::1 - - [01/Dec/2020:20:38:06 +0800] "GET /img/poi_type_icons.png HTTP/1.1" 200 5679
::1 - - [01/Dec/2020:20:38:06 +0800] "GET /img/huitu.jpg HTTP/1.1" 200 57631
::1 - - [01/Dec/2020:20:38:06 +0800] "GET /img/tencent_color_logo.png HTTP/1.1" 200 7101
::1 - - [01/Dec/2020:20:38:51 +0800] "GET /index2.html HTTP/1.1" 200 4576
::1 - - [01/Dec/2020:20:39:51 +0800] "GET /index2.html HTTP/1.1" 200 4593
::1 - - [01/Dec/2020:20:40:42 +0800] "GET /index2.html HTTP/1.1" 200 4594
::1 - - [01/Dec/2020:20:40:42 +0800] "GET /img/mobile_link.jpg HTTP/1.1" 200 12837
::1 - - [01/Dec/2020:20:40:42 +0800] "GET /img/poi_type_icons.png HTTP/1.1" 200 5679
::1 - - [01/Dec/2020:20:40:42 +0800] "GET /img/huitu.jpg HTTP/1.1" 200 57631
::1 - - [01/Dec/2020:20:40:42 +0800] "GET /img/tencent_color_logo.png HTTP/1.1" 200 7101
::1 - - [01/Dec/2020:20:40:44 +0800] "GET /favicon.ico HTTP/1.1" 404 196
::1 - - [01/Dec/2020:20:42:14 +0800] "GET /index2.html HTTP/1.1" 200 4642
::1 - - [01/Dec/2020:20:42:55 +0800] "GET /index2.html HTTP/1.1" 200 4616
::1 - - [01/Dec/2020:20:43:21 +0800] "GET /index2.html HTTP/1.1" 200 4616
::1 - - [01/Dec/2020:20:43:21 +0800] "GET /img/mobile_link.jpg HTTP/1.1" 200 12837
::1 - - [01/Dec/2020:20:43:21 +0800] "GET /img/huitu.jpg HTTP/1.1" 200 57631
::1 - - [01/Dec/2020:20:43:21 +0800] "GET /img/poi_type_icons.png HTTP/1.1" 200 5679
::1 - - [01/Dec/2020:20:43:21 +0800] "GET /img/tencent_color_logo.png HTTP/1.1" 200 7101
::1 - - [01/Dec/2020:20:43:22 +0800] "GET /favicon.ico HTTP/1.1" 404 196
::1 - - [01/Dec/2020:20:43:32 +0800] "GET /index2.html HTTP/1.1" 200 4617
::1 - - [01/Dec/2020:20:45:55 +0800] "GET /index2.html HTTP/1.1" 200 4649
::1 - - [01/Dec/2020:20:45:58 +0800] "GET /index2.html HTTP/1.1" 200 4649
::1 - - [01/Dec/2020:20:45:58 +0800] "GET /img/mobile_link.jpg HTTP/1.1" 200 12837
::1 - - [01/Dec/2020:20:45:58 +0800] "GET /img/poi_type_icons.png HTTP/1.1" 200 5679
::1 - - [01/Dec/2020:20:45:58 +0800] "GET /img/huitu.jpg HTTP/1.1" 200 57631
::1 - - [01/Dec/2020:20:45:58 +0800] "GET /img/tencent_color_logo.png HTTP/1.1" 200 7101
::1 - - [01/Dec/2020:20:47:40 +0800] "GET /index2.html HTTP/1.1" 200 4647
::1 - - [01/Dec/2020:20:48:28 +0800] "GET /index2.html HTTP/1.1" 304 -
::1 - - [01/Dec/2020:20:48:31 +0800] "GET /index2.html HTTP/1.1" 200 4647
::1 - - [01/Dec/2020:20:48:31 +0800] "GET /img/mobile_link.jpg HTTP/1.1" 200 12837
::1 - - [01/Dec/2020:20:48:31 +0800] "GET /img/huitu.jpg HTTP/1.1" 200 57631
::1 - - [01/Dec/2020:20:48:31 +0800] "GET /img/poi_type_icons.png HTTP/1.1" 200 5679
::1 - - [01/Dec/2020:20:48:31 +0800] "GET /img/tencent_color_logo.png HTTP/1.1" 200 7101
::1 - - [01/Dec/2020:20:48:33 +0800] "GET /favicon.ico HTTP/1.1" 404 196
::1 - - [01/Dec/2020:20:50:39 +0800] "GET /index2.html HTTP/1.1" 200 4643
::1 - - [01/Dec/2020:20:51:09 +0800] "GET /index2.html HTTP/1.1" 200 4643
::1 - - [01/Dec/2020:20:51:32 +0800] "GET /index2.html HTTP/1.1" 200 4645
::1 - - [01/Dec/2020:20:51:32 +0800] "GET /img/mobile_link.jpg HTTP/1.1" 200 12837
::1 - - [01/Dec/2020:20:51:32 +0800] "GET /img/huitu.jpg HTTP/1.1" 200 57631
::1 - - [01/Dec/2020:20:51:32 +0800] "GET /img/poi_type_icons.png HTTP/1.1" 200 5679
::1 - - [01/Dec/2020:20:51:32 +0800] "GET /img/tencent_color_logo.png HTTP/1.1" 200 7101
::1 - - [01/Dec/2020:20:51:36 +0800] "GET /favicon.ico HTTP/1.1" 404 196
::1 - - [01/Dec/2020:20:52:20 +0800] "GET /index2.html HTTP/1.1" 200 4666
::1 - - [01/Dec/2020:21:04:43 +0800] "GET /index2.html HTTP/1.1" 200 4805
::1 - - [01/Dec/2020:21:05:36 +0800] "GET /index2.html HTTP/1.1" 200 4822
::1 - - [01/Dec/2020:21:05:36 +0800] "GET /img/mobile_link.jpg HTTP/1.1" 200 12837
::1 - - [01/Dec/2020:21:05:36 +0800] "GET /img/huitu.jpg HTTP/1.1" 200 57631
::1 - - [01/Dec/2020:21:05:36 +0800] "GET /img/poi_type_icons.png HTTP/1.1" 200 5679
::1 - - [01/Dec/2020:21:05:36 +0800] "GET /img/tencent_color_logo.png HTTP/1.1" 200 7101
::1 - - [01/Dec/2020:21:05:39 +0800] "GET /favicon.ico HTTP/1.1" 404 196
::1 - - [01/Dec/2020:21:10:37 +0800] "GET /index2.html HTTP/1.1" 304 -
::1 - - [01/Dec/2020:21:10:55 +0800] "GET /index2.html HTTP/1.1" 200 4954
::1 - - [02/Dec/2020:18:17:29 +0800] "GET / HTTP/1.1" 200 1331
::1 - - [02/Dec/2020:18:17:29 +0800] "GET /icons/blank.gif HTTP/1.1" 200 148
::1 - - [02/Dec/2020:18:17:29 +0800] "GET /icons/text.gif HTTP/1.1" 200 229
::1 - - [02/Dec/2020:18:17:29 +0800] "GET /icons/folder.gif HTTP/1.1" 200 225
::1 - - [02/Dec/2020:18:17:29 +0800] "GET /favicon.ico HTTP/1.1" 404 196
::1 - - [02/Dec/2020:18:17:34 +0800] "GET /index2.html HTTP/1.1" 200 4954
::1 - - [02/Dec/2020:18:17:35 +0800] "GET /img/tencent_color_logo.png HTTP/1.1" 200 7101
::1 - - [02/Dec/2020:18:17:35 +0800] "GET /img/poi_type_icons.png HTTP/1.1" 200 5679
::1 - - [02/Dec/2020:18:17:35 +0800] "GET /img/mobile_link.jpg HTTP/1.1" 200 12837
::1 - - [02/Dec/2020:18:17:35 +0800] "GET /img/huitu.jpg HTTP/1.1" 200 57631
::1 - - [02/Dec/2020:18:19:43 +0800] "-" 408 -
::1 - - [02/Dec/2020:18:19:43 +0800] "-" 408 -
::1 - - [02/Dec/2020:18:26:17 +0800] "GET / HTTP/1.1" 200 1331
::1 - - [02/Dec/2020:18:26:18 +0800] "GET /favicon.ico HTTP/1.1" 404 196
::1 - - [02/Dec/2020:18:26:21 +0800] "GET /index2.html HTTP/1.1" 200 6732
::1 - - [02/Dec/2020:18:28:09 +0800] "GET /null HTTP/1.1" 404 196
::1 - - [02/Dec/2020:18:28:35 +0800] "GET /null HTTP/1.1" 404 196
::1 - - [02/Dec/2020:18:29:19 +0800] "GET /null HTTP/1.1" 404 196
::1 - - [02/Dec/2020:18:29:22 +0800] "GET /null HTTP/1.1" 404 196
::1 - - [02/Dec/2020:18:29:22 +0800] "GET /null HTTP/1.1" 404 196
::1 - - [02/Dec/2020:18:29:23 +0800] "GET /null HTTP/1.1" 404 196
::1 - - [02/Dec/2020:18:31:39 +0800] "GET /favicon.ico HTTP/1.1" 404 196
::1 - - [02/Dec/2020:18:31:42 +0800] "GET / HTTP/1.1" 200 1331
::1 - - [02/Dec/2020:18:31:42 +0800] "GET /icons/blank.gif HTTP/1.1" 200 148
::1 - - [02/Dec/2020:18:31:42 +0800] "GET /icons/folder.gif HTTP/1.1" 200 225
::1 - - [02/Dec/2020:18:31:42 +0800] "GET /icons/text.gif HTTP/1.1" 200 229
::1 - - [02/Dec/2020:18:31:42 +0800] "GET /favicon.ico HTTP/1.1" 404 196
::1 - - [02/Dec/2020:18:31:44 +0800] "GET /index2.html HTTP/1.1" 200 6732
::1 - - [02/Dec/2020:18:31:45 +0800] "GET /img/tencent_color_logo.png HTTP/1.1" 200 7101
::1 - - [02/Dec/2020:18:31:45 +0800] "GET /img/poi_type_icons.png HTTP/1.1" 200 5679
::1 - - [02/Dec/2020:18:31:45 +0800] "GET /img/mobile_link.jpg HTTP/1.1" 200 12837
::1 - - [02/Dec/2020:18:31:45 +0800] "GET /img/huitu.jpg HTTP/1.1" 200 57631
::1 - - [02/Dec/2020:18:33:35 +0800] "GET / HTTP/1.1" 200 1331
::1 - - [02/Dec/2020:18:33:35 +0800] "GET /favicon.ico HTTP/1.1" 404 196
::1 - - [02/Dec/2020:18:50:15 +0800] "GET /index2.html HTTP/1.1" 200 7360
::1 - - [02/Dec/2020:18:52:15 +0800] "-" 408 -
::1 - - [02/Dec/2020:18:52:15 +0800] "-" 408 -
::1 - - [02/Dec/2020:18:52:15 +0800] "-" 408 -
::1 - - [02/Dec/2020:18:52:15 +0800] "-" 408 -
::1 - - [02/Dec/2020:18:52:15 +0800] "-" 408 -
::1 - - [02/Dec/2020:18:55:42 +0800] "GET /index2.html HTTP/1.1" 200 7461
::1 - - [02/Dec/2020:18:57:42 +0800] "-" 408 -
::1 - - [02/Dec/2020:18:57:42 +0800] "-" 408 -
::1 - - [02/Dec/2020:18:57:42 +0800] "-" 408 -
::1 - - [02/Dec/2020:19:04:27 +0800] "GET /index2.html HTTP/1.1" 200 7938
::1 - - [02/Dec/2020:19:06:37 +0800] "GET /index2.html HTTP/1.1" 200 7936
::1 - - [02/Dec/2020:19:08:37 +0800] "-" 408 -
::1 - - [02/Dec/2020:19:08:37 +0800] "-" 408 -
::1 - - [02/Dec/2020:19:11:05 +0800] "GET /index2.html HTTP/1.1" 200 7927
::1 - - [02/Dec/2020:19:12:09 +0800] "GET /index2.html HTTP/1.1" 200 7926
::1 - - [02/Dec/2020:19:13:09 +0800] "GET /index2.html HTTP/1.1" 200 7925
::1 - - [02/Dec/2020:19:25:31 +0800] "GET /index2.html HTTP/1.1" 200 7908
::1 - - [02/Dec/2020:19:25:32 +0800] "GET / HTTP/1.1" 200 1331
::1 - - [02/Dec/2020:19:25:42 +0800] "GET /index2.html HTTP/1.1" 304 -
::1 - - [02/Dec/2020:19:25:50 +0800] "GET /index2.html HTTP/1.1" 304 -
::1 - - [02/Dec/2020:19:25:50 +0800] "GET /index2.html HTTP/1.1" 304 -
::1 - - [02/Dec/2020:19:25:51 +0800] "GET /index2.html HTTP/1.1" 304 -
::1 - - [02/Dec/2020:19:25:52 +0800] "GET /index2.html HTTP/1.1" 304 -
::1 - - [02/Dec/2020:19:25:53 +0800] "GET /index2.html HTTP/1.1" 304 -
::1 - - [02/Dec/2020:19:26:06 +0800] "GET /index2.html HTTP/1.1" 304 -
::1 - - [02/Dec/2020:19:26:07 +0800] "GET /index2.html HTTP/1.1" 304 -
::1 - - [02/Dec/2020:19:26:40 +0800] "GET /favicon.ico HTTP/1.1" 404 196
::1 - - [02/Dec/2020:19:26:44 +0800] "GET / HTTP/1.1" 200 1331
::1 - - [02/Dec/2020:19:26:46 +0800] "GET /index2.html HTTP/1.1" 304 -
::1 - - [02/Dec/2020:19:26:53 +0800] "GET /index2.html HTTP/1.1" 304 -
::1 - - [02/Dec/2020:19:26:54 +0800] "GET /index2.html HTTP/1.1" 304 -
::1 - - [02/Dec/2020:19:26:55 +0800] "GET /index2.html HTTP/1.1" 304 -
::1 - - [02/Dec/2020:19:27:30 +0800] "GET /index2.html HTTP/1.1" 200 7896
::1 - - [02/Dec/2020:19:27:31 +0800] "GET /index2.html HTTP/1.1" 304 -
::1 - - [02/Dec/2020:19:27:32 +0800] "GET /index2.html HTTP/1.1" 304 -
::1 - - [02/Dec/2020:19:27:33 +0800] "GET /index2.html HTTP/1.1" 304 -
::1 - - [02/Dec/2020:19:27:33 +0800] "GET /index2.html HTTP/1.1" 304 -
::1 - - [02/Dec/2020:19:27:34 +0800] "GET /index2.html HTTP/1.1" 304 -
::1 - - [02/Dec/2020:19:27:34 +0800] "GET /index2.html HTTP/1.1" 304 -
::1 - - [02/Dec/2020:19:27:34 +0800] "GET /index2.html HTTP/1.1" 304 -
::1 - - [02/Dec/2020:19:27:35 +0800] "GET /index2.html HTTP/1.1" 304 -
::1 - - [02/Dec/2020:19:28:11 +0800] "GET /index2.html HTTP/1.1" 304 -
::1 - - [02/Dec/2020:19:28:33 +0800] "GET /index2.html HTTP/1.1" 304 -
::1 - - [02/Dec/2020:19:29:44 +0800] "GET /index2.html HTTP/1.1" 200 7661
::1 - - [02/Dec/2020:19:29:55 +0800] "GET /index2.html HTTP/1.1" 304 -
::1 - - [02/Dec/2020:19:30:24 +0800] "GET /index2.html HTTP/1.1" 200 7663
::1 - - [02/Dec/2020:19:30:48 +0800] "GET /index2.html HTTP/1.1" 200 7677
::1 - - [02/Dec/2020:19:32:09 +0800] "GET /index2.html HTTP/1.1" 304 -
::1 - - [02/Dec/2020:19:34:09 +0800] "-" 408 -
::1 - - [02/Dec/2020:19:36:21 +0800] "GET /index2.html HTTP/1.1" 200 7684
::1 - - [02/Dec/2020:19:38:17 +0800] "GET /index2.html HTTP/1.1" 200 7693
::1 - - [02/Dec/2020:19:38:29 +0800] "GET /index2.html HTTP/1.1" 304 -
::1 - - [02/Dec/2020:19:38:57 +0800] "GET /index2.html HTTP/1.1" 200 7694
::1 - - [02/Dec/2020:19:44:17 +0800] "GET /index2.html HTTP/1.1" 200 7682
::1 - - [02/Dec/2020:19:45:39 +0800] "GET /index2.html HTTP/1.1" 304 -
::1 - - [02/Dec/2020:19:45:42 +0800] "GET /index2.html HTTP/1.1" 304 -
::1 - - [02/Dec/2020:19:46:09 +0800] "GET /index2.html HTTP/1.1" 200 7691
::1 - - [02/Dec/2020:19:46:35 +0800] "GET /index2.html HTTP/1.1" 304 -
::1 - - [02/Dec/2020:19:46:46 +0800] "GET /index2.html HTTP/1.1" 304 -
::1 - - [02/Dec/2020:19:47:05 +0800] "GET /index2.html HTTP/1.1" 304 -
::1 - - [02/Dec/2020:19:49:09 +0800] "GET /index2.html HTTP/1.1" 304 -
::1 - - [02/Dec/2020:19:51:09 +0800] "-" 408 -
::1 - - [02/Dec/2020:20:00:48 +0800] "GET /index2.html HTTP/1.1" 200 7704
::1 - - [02/Dec/2020:20:00:54 +0800] "GET /index2.html HTTP/1.1" 304 -
::1 - - [02/Dec/2020:20:02:36 +0800] "GET /index2.html HTTP/1.1" 200 7714
::1 - - [02/Dec/2020:20:02:53 +0800] "GET /index2.html HTTP/1.1" 304 -
::1 - - [02/Dec/2020:20:03:14 +0800] "GET /index2.html HTTP/1.1" 304 -
::1 - - [02/Dec/2020:20:03:38 +0800] "GET /index2.html HTTP/1.1" 200 7714
::1 - - [02/Dec/2020:20:04:11 +0800] "GET /index2.html HTTP/1.1" 200 7715
::1 - - [02/Dec/2020:20:04:29 +0800] "GET /index2.html HTTP/1.1" 200 7714
::1 - - [02/Dec/2020:20:05:10 +0800] "GET /index2.html HTTP/1.1" 200 7720
::1 - - [02/Dec/2020:20:07:10 +0800] "-" 408 -
::1 - - [02/Dec/2020:20:09:19 +0800] "GET /index2.html HTTP/1.1" 304 -
::1 - - [02/Dec/2020:20:10:56 +0800] "GET /index2.html HTTP/1.1" 200 7778
::1 - - [02/Dec/2020:20:12:28 +0800] "GET /index2.html HTTP/1.1" 200 7776
::1 - - [02/Dec/2020:20:17:54 +0800] "GET /index2.html HTTP/1.1" 200 7802
::1 - - [02/Dec/2020:20:22:02 +0800] "GET /index2.html HTTP/1.1" 200 8206
::1 - - [04/Dec/2020:20:24:25 +0800] "GET /favicon.ico HTTP/1.1" 404 196
::1 - - [04/Dec/2020:20:24:28 +0800] "GET / HTTP/1.1" 200 1331
::1 - - [04/Dec/2020:20:24:28 +0800] "GET /favicon.ico HTTP/1.1" 404 196
::1 - - [04/Dec/2020:20:24:30 +0800] "GET /index2.html HTTP/1.1" 200 8206
::1 - - [04/Dec/2020:20:24:57 +0800] "GET /index2.html HTTP/1.1" 304 -
::1 - - [04/Dec/2020:20:34:11 +0800] "GET / HTTP/1.1" 200 1331
::1 - - [04/Dec/2020:20:34:11 +0800] "GET /icons/blank.gif HTTP/1.1" 200 148
::1 - - [04/Dec/2020:20:34:11 +0800] "GET /icons/text.gif HTTP/1.1" 200 229
::1 - - [04/Dec/2020:20:34:11 +0800] "GET /icons/folder.gif HTTP/1.1" 200 225
::1 - - [04/Dec/2020:20:34:11 +0800] "GET /favicon.ico HTTP/1.1" 404 196
::1 - - [04/Dec/2020:20:34:13 +0800] "GET /index2.html HTTP/1.1" 200 8206
::1 - - [04/Dec/2020:20:34:13 +0800] "GET /img/tencent_color_logo.png HTTP/1.1" 200 7101
::1 - - [04/Dec/2020:20:34:13 +0800] "GET /img/poi_type_icons.png HTTP/1.1" 200 5679
::1 - - [04/Dec/2020:20:34:13 +0800] "GET /img/huitu.jpg HTTP/1.1" 200 57631
::1 - - [04/Dec/2020:20:34:13 +0800] "GET /img/mobile_link.jpg HTTP/1.1" 200 12837
::1 - - [04/Dec/2020:20:40:45 +0800] "GET /index2.html HTTP/1.1" 200 8197
::1 - - [04/Dec/2020:20:41:01 +0800] "GET /index2.html HTTP/1.1" 304 -
::1 - - [04/Dec/2020:20:43:35 +0800] "GET /index2.html HTTP/1.1" 200 8214
::1 - - [04/Dec/2020:20:46:13 +0800] "GET /index2.html HTTP/1.1" 200 8217
::1 - - [04/Dec/2020:20:47:19 +0800] "GET /index2.html HTTP/1.1" 200 8200
::1 - - [04/Dec/2020:20:48:20 +0800] "GET /index2.html HTTP/1.1" 200 8214
::1 - - [04/Dec/2020:20:53:27 +0800] "GET /index2.html HTTP/1.1" 304 -
::1 - - [04/Dec/2020:20:58:05 +0800] "GET /index2.html HTTP/1.1" 200 8412
::1 - - [04/Dec/2020:21:06:20 +0800] "GET /index2.html HTTP/1.1" 200 8680
::1 - - [04/Dec/2020:21:15:18 +0800] "GET /index2.html HTTP/1.1" 200 9615
::1 - - [04/Dec/2020:21:17:18 +0800] "GET /index2.html HTTP/1.1" 200 9650
::1 - - [04/Dec/2020:21:18:24 +0800] "GET /index2.html HTTP/1.1" 200 9728
::1 - - [04/Dec/2020:21:22:51 +0800] "GET /index2.html HTTP/1.1" 200 9664
::1 - - [04/Dec/2020:21:23:14 +0800] "GET /index2.html HTTP/1.1" 304 -
::1 - - [04/Dec/2020:21:26:08 +0800] "GET /index2.html HTTP/1.1" 200 9705
::1 - - [04/Dec/2020:21:27:51 +0800] "GET /index2.html HTTP/1.1" 200 9705
::1 - - [04/Dec/2020:21:31:29 +0800] "GET /favicon.ico HTTP/1.1" 404 196
::1 - - [04/Dec/2020:21:31:32 +0800] "GET / HTTP/1.1" 200 1546
::1 - - [04/Dec/2020:21:31:32 +0800] "GET /icons/blank.gif HTTP/1.1" 200 148
::1 - - [04/Dec/2020:21:31:32 +0800] "GET /icons/text.gif HTTP/1.1" 200 229
::1 - - [04/Dec/2020:21:31:32 +0800] "GET /icons/folder.gif HTTP/1.1" 200 225
::1 - - [04/Dec/2020:21:31:32 +0800] "GET /favicon.ico HTTP/1.1" 404 196
::1 - - [04/Dec/2020:21:31:34 +0800] "GET /HTMLPage1.html HTTP/1.1" 200 1641
::1 - - [04/Dec/2020:21:32:37 +0800] "GET /HTMLPage1.html HTTP/1.1" 200 1677
::1 - - [04/Dec/2020:21:33:33 +0800] "GET /HTMLPage1.html HTTP/1.1" 304 -
::1 - - [04/Dec/2020:21:34:35 +0800] "GET /HTMLPage1.html HTTP/1.1" 200 1679
::1 - - [04/Dec/2020:21:35:02 +0800] "GET /HTMLPage1.html HTTP/1.1" 200 1681
::1 - - [04/Dec/2020:21:36:42 +0800] "GET /index2.html HTTP/1.1" 200 8993
::1 - - [04/Dec/2020:21:38:16 +0800] "GET /index2.html HTTP/1.1" 200 9019
::1 - - [04/Dec/2020:21:51:27 +0800] "GET /index2.html HTTP/1.1" 200 9118
::1 - - [04/Dec/2020:21:52:40 +0800] "GET /index2.html HTTP/1.1" 200 9093
::1 - - [04/Dec/2020:21:57:13 +0800] "GET /index2.html HTTP/1.1" 200 9313
::1 - - [04/Dec/2020:21:58:41 +0800] "GET /index2.html HTTP/1.1" 200 9380
::1 - - [04/Dec/2020:22:03:59 +0800] "GET /index2.html HTTP/1.1" 200 9005
::1 - - [04/Dec/2020:22:04:57 +0800] "GET /index2.html HTTP/1.1" 200 9027
::1 - - [04/Dec/2020:22:06:51 +0800] "GET /index2.html HTTP/1.1" 200 9119
::1 - - [04/Dec/2020:22:11:36 +0800] "GET /index2.html HTTP/1.1" 200 9123
::1 - - [04/Dec/2020:22:11:41 +0800] "GET /index2.html HTTP/1.1" 304 -
::1 - - [04/Dec/2020:22:13:37 +0800] "GET /index2.html HTTP/1.1" 200 9123
::1 - - [05/Dec/2020:14:18:01 +0800] "GET /favicon.ico HTTP/1.1" 404 196
::1 - - [05/Dec/2020:14:18:04 +0800] "GET / HTTP/1.1" 200 1546
::1 - - [05/Dec/2020:14:18:04 +0800] "GET /favicon.ico HTTP/1.1" 404 196
::1 - - [05/Dec/2020:14:18:14 +0800] "GET /index2.html HTTP/1.1" 200 9120
::1 - - [05/Dec/2020:14:18:14 +0800] "GET /img/tencent_color_logo.png HTTP/1.1" 200 7101
::1 - - [05/Dec/2020:14:18:14 +0800] "GET /img/poi_type_icons.png HTTP/1.1" 200 5679
::1 - - [05/Dec/2020:14:18:14 +0800] "GET /img/mobile_link.jpg HTTP/1.1" 200 12837
::1 - - [05/Dec/2020:14:18:14 +0800] "GET /img/huitu.jpg HTTP/1.1" 200 57631
::1 - - [05/Dec/2020:14:23:38 +0800] "GET /index2.html HTTP/1.1" 200 9212
::1 - - [05/Dec/2020:14:23:38 +0800] "GET /js/jquery-1.12.4.min.js HTTP/1.1" 200 97163
::1 - - [05/Dec/2020:14:23:46 +0800] "GET /index2.html HTTP/1.1" 304 -
::1 - - [05/Dec/2020:14:25:38 +0800] "-" 408 -
::1 - - [05/Dec/2020:14:25:38 +0800] "-" 408 -
::1 - - [05/Dec/2020:14:25:38 +0800] "-" 408 -
::1 - - [05/Dec/2020:14:25:38 +0800] "-" 408 -
::1 - - [05/Dec/2020:14:27:09 +0800] "GET /index2.html HTTP/1.1" 200 9172
::1 - - [05/Dec/2020:14:28:24 +0800] "GET /index2.html HTTP/1.1" 200 9174
::1 - - [05/Dec/2020:14:31:51 +0800] "GET /index2.html HTTP/1.1" 200 9199
::1 - - [05/Dec/2020:14:31:57 +0800] "GET /index2.html HTTP/1.1" 304 -
::1 - - [05/Dec/2020:14:32:47 +0800] "GET /index2.html HTTP/1.1" 200 9181
::1 - - [05/Dec/2020:14:40:58 +0800] "GET /index2.html HTTP/1.1" 200 9076
::1 - - [05/Dec/2020:14:44:48 +0800] "GET /index2.html HTTP/1.1" 200 9094
::1 - - [05/Dec/2020:14:51:25 +0800] "GET /index2.html HTTP/1.1" 200 9122
::1 - - [05/Dec/2020:14:52:22 +0800] "GET /index2.html HTTP/1.1" 200 9122
::1 - - [05/Dec/2020:14:55:07 +0800] "GET /index2.html HTTP/1.1" 200 9095
::1 - - [05/Dec/2020:15:02:19 +0800] "GET /index2.html HTTP/1.1" 200 9089
::1 - - [05/Dec/2020:15:04:24 +0800] "GET /index2.html HTTP/1.1" 200 9093
::1 - - [05/Dec/2020:15:18:31 +0800] "GET /index2.html HTTP/1.1" 200 9093
::1 - - [05/Dec/2020:15:21:32 +0800] "GET /index2.html HTTP/1.1" 200 9080
::1 - - [05/Dec/2020:15:23:13 +0800] "GET /index2.html HTTP/1.1" 200 9080
::1 - - [05/Dec/2020:15:31:21 +0800] "GET /favicon.ico HTTP/1.1" 404 196
::1 - - [05/Dec/2020:15:31:24 +0800] "GET /HTMLPage1.html HTTP/1.1" 304 -
::1 - - [05/Dec/2020:15:32:58 +0800] "GET /HTMLPage1.html HTTP/1.1" 200 1707
::1 - - [05/Dec/2020:15:34:52 +0800] "GET /HTMLPage1.html HTTP/1.1" 200 1940
::1 - - [05/Dec/2020:15:35:25 +0800] "GET /HTMLPage1.html HTTP/1.1" 200 1885
::1 - - [05/Dec/2020:15:37:25 +0800] "-" 408 -
::1 - - [05/Dec/2020:15:37:25 +0800] "-" 408 -
::1 - - [05/Dec/2020:15:37:25 +0800] "-" 408 -
::1 - - [05/Dec/2020:15:40:45 +0800] "GET /index2.html HTTP/1.1" 200 9082
::1 - - [05/Dec/2020:15:47:24 +0800] "GET /index2.html HTTP/1.1" 200 9114
::1 - - [05/Dec/2020:15:49:24 +0800] "-" 408 -
::1 - - [05/Dec/2020:15:49:24 +0800] "-" 408 -
::1 - - [05/Dec/2020:16:06:25 +0800] "GET /favicon.ico HTTP/1.1" 404 196
::1 - - [05/Dec/2020:16:06:28 +0800] "GET /index2.html HTTP/1.1" 200 9084
::1 - - [05/Dec/2020:16:06:29 +0800] "GET /favicon.ico HTTP/1.1" 404 196
::1 - - [05/Dec/2020:16:07:45 +0800] "GET /index2.html HTTP/1.1" 304 -
::1 - - [05/Dec/2020:16:32:03 +0800] "GET /favicon.ico HTTP/1.1" 404 196
::1 - - [05/Dec/2020:16:32:06 +0800] "GET /index2.html HTTP/1.1" 200 9084
::1 - - [05/Dec/2020:16:32:07 +0800] "GET /favicon.ico HTTP/1.1" 404 196
::1 - - [05/Dec/2020:16:37:54 +0800] "-" 408 -
::1 - - [05/Dec/2020:16:37:54 +0800] "-" 408 -
::1 - - [05/Dec/2020:16:37:54 +0800] "-" 408 -
::1 - - [05/Dec/2020:16:37:54 +0800] "-" 408 -
::1 - - [07/Dec/2020:21:25:35 +0800] "GET /favicon.ico HTTP/1.1" 404 196
::1 - - [07/Dec/2020:21:25:40 +0800] "GET /index2.html HTTP/1.1" 304 -
::1 - - [07/Dec/2020:21:25:43 +0800] "GET /favicon.ico HTTP/1.1" 404 196
::1 - - [07/Dec/2020:21:40:46 +0800] "GET /index2.html HTTP/1.1" 200 9999
::1 - - [07/Dec/2020:21:50:24 +0800] "GET /index2.html HTTP/1.1" 304 -
::1 - - [07/Dec/2020:21:56:55 +0800] "GET /index2.html HTTP/1.1" 304 -
::1 - - [07/Dec/2020:21:57:03 +0800] "GET /index2.html HTTP/1.1" 200 9466
::1 - - [07/Dec/2020:21:57:43 +0800] "GET /index2.html HTTP/1.1" 304 -
::1 - - [07/Dec/2020:21:57:49 +0800] "GET /index2.html HTTP/1.1" 200 9465
::1 - - [07/Dec/2020:22:03:12 +0800] "GET /index2.html HTTP/1.1" 200 9214
::1 - - [07/Dec/2020:22:05:14 +0800] "GET /index2.html HTTP/1.1" 200 9353
::1 - - [07/Dec/2020:22:06:10 +0800] "GET /index2.html HTTP/1.1" 200 9353
::1 - - [07/Dec/2020:22:08:08 +0800] "GET /index2.html HTTP/1.1" 200 9497
::1 - - [07/Dec/2020:22:13:39 +0800] "GET /index2.html HTTP/1.1" 200 9213
::1 - - [07/Dec/2020:22:17:28 +0800] "GET /index2.html HTTP/1.1" 200 9316
::1 - - [07/Dec/2020:22:18:32 +0800] "GET /index2.html HTTP/1.1" 200 9323
::1 - - [10/Dec/2020:20:45:27 +0800] "GET /favicon.ico HTTP/1.1" 404 196
::1 - - [10/Dec/2020:20:45:32 +0800] "GET /index2.html HTTP/1.1" 200 9323
::1 - - [10/Dec/2020:20:45:32 +0800] "GET /js/jquery-1.12.4.min.js HTTP/1.1" 200 97163
::1 - - [10/Dec/2020:20:45:45 +0800] "GET /img/poi_type_icons.png HTTP/1.1" 200 5679
::1 - - [10/Dec/2020:20:45:45 +0800] "GET /img/tencent_color_logo.png HTTP/1.1" 200 7101
::1 - - [10/Dec/2020:20:45:45 +0800] "GET /img/mobile_link.jpg HTTP/1.1" 200 12837
::1 - - [10/Dec/2020:20:45:45 +0800] "GET /img/huitu.jpg HTTP/1.1" 200 57631
::1 - - [10/Dec/2020:20:45:59 +0800] "GET /favicon.ico HTTP/1.1" 404 196
::1 - - [10/Dec/2020:20:46:35 +0800] "GET /favicon.ico HTTP/1.1" 404 196
::1 - - [10/Dec/2020:20:46:55 +0800] "GET / HTTP/1.1" 200 1752
::1 - - [10/Dec/2020:20:46:55 +0800] "GET /icons/blank.gif HTTP/1.1" 200 148
::1 - - [10/Dec/2020:20:46:55 +0800] "GET /icons/folder.gif HTTP/1.1" 200 225
::1 - - [10/Dec/2020:20:46:55 +0800] "GET /icons/text.gif HTTP/1.1" 200 229
::1 - - [10/Dec/2020:20:48:13 +0800] "GET /index2.html HTTP/1.1" 200 9322
::1 - - [10/Dec/2020:20:49:51 +0800] "GET /index2.html HTTP/1.1" 200 9327
::1 - - [10/Dec/2020:20:50:56 +0800] "GET /index2.html HTTP/1.1" 200 9327
::1 - - [10/Dec/2020:20:55:06 +0800] "GET /index2.html HTTP/1.1" 200 9787
::1 - - [10/Dec/2020:20:57:56 +0800] "GET /index2.html HTTP/1.1" 200 9395
::1 - - [10/Dec/2020:21:01:03 +0800] "GET /index2.html HTTP/1.1" 200 9279
::1 - - [10/Dec/2020:21:05:21 +0800] "GET /index2.html HTTP/1.1" 200 9291
::1 - - [10/Dec/2020:21:07:01 +0800] "GET /index2.html HTTP/1.1" 200 9315
::1 - - [10/Dec/2020:21:07:29 +0800] "GET /index2.html HTTP/1.1" 200 9315
::1 - - [10/Dec/2020:21:13:15 +0800] "GET /index2.html HTTP/1.1" 200 9315
::1 - - [10/Dec/2020:21:21:08 +0800] "GET /index2.html HTTP/1.1" 304 -
::1 - - [10/Dec/2020:21:21:21 +0800] "GET /index2.html HTTP/1.1" 200 9333
::1 - - [10/Dec/2020:21:24:59 +0800] "GET /index2.html HTTP/1.1" 200 9328
::1 - - [10/Dec/2020:21:29:04 +0800] "GET /index2.html HTTP/1.1" 200 9463
::1 - - [10/Dec/2020:21:31:14 +0800] "GET /index2.html HTTP/1.1" 200 9479
::1 - - [10/Dec/2020:21:31:53 +0800] "GET /index2.html HTTP/1.1" 200 9395
::1 - - [10/Dec/2020:21:33:35 +0800] "GET /index2.html HTTP/1.1" 200 9402
::1 - - [10/Dec/2020:21:34:12 +0800] "GET /index2.html HTTP/1.1" 200 9391
::1 - - [10/Dec/2020:21:38:17 +0800] "GET /index2.html HTTP/1.1" 200 9293
::1 - - [10/Dec/2020:21:38:52 +0800] "GET /index2.html HTTP/1.1" 200 9297
::1 - - [10/Dec/2020:21:42:20 +0800] "GET /index2.html HTTP/1.1" 200 9295
::1 - - [10/Dec/2020:21:44:22 +0800] "GET /index2.html HTTP/1.1" 200 9295
::1 - - [10/Dec/2020:21:47:57 +0800] "GET /index2.html HTTP/1.1" 200 9286
::1 - - [10/Dec/2020:21:50:16 +0800] "GET /index2.html HTTP/1.1" 200 9234
::1 - - [10/Dec/2020:21:50:44 +0800] "GET /index2.html HTTP/1.1" 200 9238
::1 - - [10/Dec/2020:21:51:06 +0800] "GET /index2.html HTTP/1.1" 200 9240
::1 - - [10/Dec/2020:21:53:43 +0800] "GET /index2.html HTTP/1.1" 200 9241
::1 - - [10/Dec/2020:21:54:14 +0800] "GET /index2.html HTTP/1.1" 200 9238
::1 - - [10/Dec/2020:21:56:40 +0800] "GET /index2.html HTTP/1.1" 200 9242
::1 - - [10/Dec/2020:21:59:40 +0800] "GET /index2.html HTTP/1.1" 200 9060
::1 - - [10/Dec/2020:21:59:58 +0800] "GET /index2.html HTTP/1.1" 200 9058
::1 - - [10/Dec/2020:22:03:07 +0800] "GET /index2.html HTTP/1.1" 200 8846
::1 - - [10/Dec/2020:22:07:11 +0800] "GET /index2.html HTTP/1.1" 304 -
::1 - - [10/Dec/2020:22:07:19 +0800] "GET /index2.html HTTP/1.1" 200 8479
::1 - - [10/Dec/2020:22:09:00 +0800] "GET /index2.html HTTP/1.1" 200 8447
::1 - - [10/Dec/2020:22:10:59 +0800] "GET /index2.html HTTP/1.1" 200 8840
::1 - - [10/Dec/2020:22:11:35 +0800] "GET /index2.html HTTP/1.1" 200 8808
::1 - - [10/Dec/2020:22:11:47 +0800] "GET /index2.html HTTP/1.1" 200 8778
::1 - - [10/Dec/2020:22:12:05 +0800] "GET /index2.html HTTP/1.1" 200 8445
::1 - - [10/Dec/2020:22:13:30 +0800] "GET /index2.html HTTP/1.1" 304 -
::1 - - [10/Dec/2020:22:15:00 +0800] "GET /index2.html HTTP/1.1" 200 8500
::1 - - [15/Dec/2020:20:51:46 +0800] "GET /favicon.ico HTTP/1.1" 404 196
::1 - - [15/Dec/2020:20:51:50 +0800] "GET / HTTP/1.1" 200 1752
::1 - - [15/Dec/2020:20:51:50 +0800] "GET /icons/blank.gif HTTP/1.1" 200 148
::1 - - [15/Dec/2020:20:51:50 +0800] "GET /icons/folder.gif HTTP/1.1" 200 225
::1 - - [15/Dec/2020:20:51:50 +0800] "GET /icons/text.gif HTTP/1.1" 200 229
::1 - - [15/Dec/2020:20:51:50 +0800] "GET /favicon.ico HTTP/1.1" 404 196
::1 - - [15/Dec/2020:20:51:53 +0800] "GET /index2.html HTTP/1.1" 200 8500
::1 - - [15/Dec/2020:20:51:53 +0800] "GET /js/jquery-1.12.4.min.js HTTP/1.1" 200 97163
::1 - - [15/Dec/2020:20:51:53 +0800] "GET /img/tencent_color_logo.png HTTP/1.1" 200 7101
::1 - - [15/Dec/2020:20:51:53 +0800] "GET /img/poi_type_icons.png HTTP/1.1" 200 5679
::1 - - [15/Dec/2020:20:51:53 +0800] "GET /img/huitu.jpg HTTP/1.1" 200 57631
::1 - - [15/Dec/2020:20:51:53 +0800] "GET /img/mobile_link.jpg HTTP/1.1" 200 12837
::1 - - [22/Dec/2020:14:41:12 +0800] "GET /favicon.ico HTTP/1.1" 404 196
::1 - - [22/Dec/2020:14:41:16 +0800] "GET / HTTP/1.1" 200 1752
::1 - - [22/Dec/2020:14:41:16 +0800] "GET /icons/blank.gif HTTP/1.1" 200 148
::1 - - [22/Dec/2020:14:41:16 +0800] "GET /icons/text.gif HTTP/1.1" 200 229
::1 - - [22/Dec/2020:14:41:16 +0800] "GET /icons/folder.gif HTTP/1.1" 200 225
::1 - - [22/Dec/2020:14:41:16 +0800] "GET /favicon.ico HTTP/1.1" 404 196
::1 - - [22/Dec/2020:14:41:19 +0800] "GET /index2.html HTTP/1.1" 200 8500
::1 - - [22/Dec/2020:14:41:19 +0800] "GET /js/jquery-1.12.4.min.js HTTP/1.1" 200 97163
::1 - - [22/Dec/2020:14:41:19 +0800] "GET /img/poi_type_icons.png HTTP/1.1" 200 5679
::1 - - [22/Dec/2020:14:41:19 +0800] "GET /img/tencent_color_logo.png HTTP/1.1" 200 7101
::1 - - [22/Dec/2020:14:41:19 +0800] "GET /img/mobile_link.jpg HTTP/1.1" 200 12837
::1 - - [22/Dec/2020:14:41:19 +0800] "GET /img/huitu.jpg HTTP/1.1" 200 57631
::1 - - [22/Dec/2020:14:46:24 +0800] "GET /index2.html HTTP/1.1" 200 7602
::1 - - [17/Feb/2021:12:59:49 +0800] "GET / HTTP/1.1" 200 1752
::1 - - [17/Feb/2021:12:59:49 +0800] "GET /icons/blank.gif HTTP/1.1" 200 148
::1 - - [17/Feb/2021:12:59:49 +0800] "GET /icons/text.gif HTTP/1.1" 200 229
::1 - - [17/Feb/2021:12:59:49 +0800] "GET /icons/folder.gif HTTP/1.1" 200 225
::1 - - [17/Feb/2021:12:59:49 +0800] "GET /favicon.ico HTTP/1.1" 404 196
::1 - - [17/Feb/2021:12:59:53 +0800] "GET /index2.html HTTP/1.1" 200 7602
::1 - - [17/Feb/2021:12:59:53 +0800] "GET /js/jquery-1.12.4.min.js HTTP/1.1" 200 97163
::1 - - [17/Feb/2021:12:59:54 +0800] "GET /img/mobile_link.jpg HTTP/1.1" 200 12837
::1 - - [17/Feb/2021:12:59:54 +0800] "GET /img/huitu.jpg HTTP/1.1" 200 57631
::1 - - [17/Feb/2021:12:59:54 +0800] "GET /img/poi_type_icons.png HTTP/1.1" 200 5679
::1 - - [17/Feb/2021:12:59:54 +0800] "GET /img/tencent_color_logo.png HTTP/1.1" 200 7101
106.88.6.251 - - [17/Feb/2021:13:06:01 +0800] "GET / HTTP/1.1" 200 1752
106.88.6.251 - - [17/Feb/2021:13:06:02 +0800] "GET /icons/blank.gif HTTP/1.1" 200 148
106.88.6.251 - - [17/Feb/2021:13:06:02 +0800] "GET /icons/text.gif HTTP/1.1" 200 229
106.88.6.251 - - [17/Feb/2021:13:06:02 +0800] "GET /icons/folder.gif HTTP/1.1" 200 225
106.88.6.251 - - [17/Feb/2021:13:09:32 +0800] "GET /index2.html HTTP/1.1" 200 7602
106.88.6.251 - - [17/Feb/2021:13:09:32 +0800] "GET /js/jquery-1.12.4.min.js HTTP/1.1" 200 97163
106.88.6.251 - - [17/Feb/2021:13:09:32 +0800] "GET /img/tencent_color_logo.png HTTP/1.1" 200 7101
106.88.6.251 - - [17/Feb/2021:13:09:32 +0800] "GET /img/poi_type_icons.png HTTP/1.1" 200 5679
106.88.6.251 - - [17/Feb/2021:13:09:32 +0800] "GET /img/huitu.jpg HTTP/1.1" 200 57631
106.88.6.251 - - [17/Feb/2021:13:09:32 +0800] "GET /img/mobile_link.jpg HTTP/1.1" 200 12837
::1 - - [17/Feb/2021:13:10:37 +0800] "GET / HTTP/1.1" 200 1752
::1 - - [17/Feb/2021:13:10:37 +0800] "GET /favicon.ico HTTP/1.1" 404 196
::1 - - [17/Feb/2021:13:11:37 +0800] "GET / HTTP/1.1" 200 1752
::1 - - [17/Feb/2021:13:11:39 +0800] "GET /changtype.html HTTP/1.1" 200 2529
::1 - - [17/Feb/2021:13:19:13 +0800] "GET / HTTP/1.1" 200 1752
::1 - - [05/May/2021:19:03:43 +0800] "GET / HTTP/1.1" 200 2451
::1 - - [05/May/2021:19:03:43 +0800] "GET /icons/blank.gif HTTP/1.1" 200 148
::1 - - [05/May/2021:19:03:43 +0800] "GET /icons/text.gif HTTP/1.1" 200 229
::1 - - [05/May/2021:19:03:43 +0800] "GET /icons/folder.gif HTTP/1.1" 200 225
::1 - - [05/May/2021:19:03:43 +0800] "GET /favicon.ico HTTP/1.1" 404 196
::1 - - [05/May/2021:19:03:48 +0800] "GET /%e5%9c%b0%e5%9b%be%e6%98%be%e7%a4%ba.html HTTP/1.1" 200 3803
::1 - - [05/May/2021:19:03:48 +0800] "GET /ol5/jquery-1.11.2.min.js HTTP/1.1" 404 196
::1 - - [05/May/2021:19:03:48 +0800] "GET /ol5/ol.css HTTP/1.1" 404 196
::1 - - [05/May/2021:19:03:48 +0800] "GET /ol5/MapGis_ol_product.js HTTP/1.1" 404 196
::1 - - [05/May/2021:19:04:26 +0800] "GET /%e5%9c%b0%e5%9b%be%e6%98%be%e7%a4%ba.html HTTP/1.1" 304 -
::1 - - [05/May/2021:19:04:26 +0800] "GET /ol5/jquery-1.11.2.min.js HTTP/1.1" 200 95931
::1 - - [05/May/2021:19:04:26 +0800] "GET /ol5/ol.css HTTP/1.1" 200 3729
::1 - - [05/May/2021:19:04:26 +0800] "GET /ol5/MapGis_ol_product.js HTTP/1.1" 200 1127220
::1 - - [05/May/2021:19:04:33 +0800] "GET /ol5/ol.css.map HTTP/1.1" 404 196
::1 - - [05/May/2021:19:06:38 +0800] "GET /ol5/ol.css.map HTTP/1.1" 404 196
::1 - - [05/May/2021:19:08:38 +0800] "-" 408 -
::1 - - [05/May/2021:19:19:35 +0800] "GET /%e5%9c%b0%e5%9b%be%e6%98%be%e7%a4%ba.html HTTP/1.1" 304 -
::1 - - [05/May/2021:19:19:35 +0800] "GET /ol5/ol.css.map HTTP/1.1" 404 196
127.0.0.1 - - [06/May/2021:10:23:25 +0800] "GET / HTTP/1.1" 200 2658
127.0.0.1 - - [06/May/2021:10:23:25 +0800] "GET /icons/blank.gif HTTP/1.1" 200 148
127.0.0.1 - - [06/May/2021:10:23:25 +0800] "GET /icons/text.gif HTTP/1.1" 200 229
127.0.0.1 - - [06/May/2021:10:23:25 +0800] "GET /icons/folder.gif HTTP/1.1" 200 225
127.0.0.1 - - [06/May/2021:10:23:25 +0800] "GET /favicon.ico HTTP/1.1" 404 196
127.0.0.1 - - [06/May/2021:10:23:28 +0800] "GET /%e5%9c%b0%e5%9b%be%e6%98%be%e7%a4%ba.html HTTP/1.1" 200 3779
127.0.0.1 - - [06/May/2021:10:23:28 +0800] "GET /ol5/jquery-1.11.2.min.js HTTP/1.1" 200 95931
127.0.0.1 - - [06/May/2021:10:23:28 +0800] "GET /ol5/ol.css HTTP/1.1" 200 3729
127.0.0.1 - - [06/May/2021:10:23:28 +0800] "GET /ol5/MapGis_ol_product.js HTTP/1.1" 200 1127220
127.0.0.1 - - [06/May/2021:10:24:58 +0800] "GET / HTTP/1.1" 200 2658
127.0.0.1 - - [06/May/2021:10:24:58 +0800] "GET /icons/blank.gif HTTP/1.1" 200 148
127.0.0.1 - - [06/May/2021:10:24:58 +0800] "GET /icons/text.gif HTTP/1.1" 200 229
127.0.0.1 - - [06/May/2021:10:24:58 +0800] "GET /icons/folder.gif HTTP/1.1" 200 225
127.0.0.1 - - [06/May/2021:10:24:58 +0800] "GET /favicon.ico HTTP/1.1" 404 196
::1 - - [20/Jan/2022:19:34:58 +0800] "GET / HTTP/1.1" 200 2898
::1 - - [20/Jan/2022:19:34:58 +0800] "GET /icons/blank.gif HTTP/1.1" 200 148
::1 - - [20/Jan/2022:19:34:58 +0800] "GET /icons/text.gif HTTP/1.1" 200 229
::1 - - [20/Jan/2022:19:34:58 +0800] "GET /icons/folder.gif HTTP/1.1" 200 225
::1 - - [20/Jan/2022:19:34:58 +0800] "GET /favicon.ico HTTP/1.1" 404 196
::1 - - [20/Jan/2022:19:35:03 +0800] "GET /%e8%85%be%e8%ae%af%e5%9c%b0%e5%9b%be/ HTTP/1.1" 200 1564
::1 - - [20/Jan/2022:19:37:07 +0800] "GET / HTTP/1.1" 200 1564
::1 - - [20/Jan/2022:19:37:49 +0800] "GET / HTTP/1.1" 200 1777
::1 - - [20/Jan/2022:19:37:49 +0800] "GET /icons/unknown.gif HTTP/1.1" 200 245
::1 - - [20/Jan/2022:19:37:52 +0800] "GET /index2.html HTTP/1.1" 200 9044
::1 - - [20/Jan/2022:19:37:52 +0800] "GET /jquery-1.12.4.min.js HTTP/1.1" 200 97163
::1 - - [20/Jan/2022:19:37:52 +0800] "GET /img/tencent_color_logo.png HTTP/1.1" 200 7101
::1 - - [20/Jan/2022:19:37:52 +0800] "GET /img/poi_type_icons.png HTTP/1.1" 200 5679
::1 - - [20/Jan/2022:19:37:52 +0800] "GET /img/mobile_link.jpg HTTP/1.1" 200 12837
::1 - - [20/Jan/2022:19:37:52 +0800] "GET /img/huitu.jpg HTTP/1.1" 200 57631
::1 - - [20/Jan/2022:19:40:06 +0800] "GET /index2.html HTTP/1.1" 304 -
::1 - - [20/Jan/2022:19:40:06 +0800] "GET /favicon.ico HTTP/1.1" 404 196
::1 - - [20/Jan/2022:19:40:39 +0800] "GET /favicon.ico HTTP/1.1" 404 196
